
TagLib: Could not open file /home/yossef/Music/True Colors - The Weeknd.m4a
TagLib: Could not open file /home/yossef/Music/SLAY_ (Slowed   Reverb)(MP3_160K).mp3
TagLib: Could not open file /home/yossef/Music/D.O.D - So Much In Love (Official Music Video).mp3
TagLib: Could not open file /home/yossef/Music/*/good vibe/AVANGARD (Slowed).mp3
TagLib: Could not open file /home/yossef/Music/*/good vibe/Call on Me (Ryan Riback Remix).mp3
TagLib: Could not open file /home/yossef/Music/*/good vibe/Call on Me (Ryan Riback Remix).mp3
TagLib: Could not open file /home/yossef/Music/*/good vibe/Call on Me (Ryan Riback Remix).mp3
TagLib: Could not open file /home/yossef/Music/*/good vibe/Call on Me (Ryan Riback Remix).mp3
TagLib: Could not open file /home/yossef/Music/*/good vibe/Paradise.mp3
TagLib: Could not open file /home/yossef/Music/*/good vibe/Hurts So Good.mp3
TagLib: Could not open file /home/yossef/Music/*/good vibe/How Deep Is Your Love.mp3
TagLib: Could not open file /home/yossef/Music/*/good vibe/Without Me.mp3
TagLib: Could not open file /home/yossef/Music/*/good vibe/How Deep Is Your Love.mp3
TagLib: Could not open file /home/yossef/Music/*/good vibe/How Deep Is Your Love.mp3
TagLib: Could not open file /home/yossef/Music/*/good vibe/How Deep Is Your Love.mp3
TagLib: Could not open file /home/yossef/Music/*/good vibe/How Deep Is Your Love.mp3
TagLib: Could not open file /home/yossef/Music/*/good vibe/There's Nothing Holdin' Me Back.mp3
TagLib: Could not open file /home/yossef/Music/*/good vibe/Last Day (Dualities Remix).mp3
TagLib: Could not open file /home/yossef/Music/*/good vibe/How Deep Is Your Love.mp3
TagLib: Could not open file /home/yossef/Music/*/good vibe/How Deep Is Your Love.mp3
TagLib: Could not open file /home/yossef/Music/*/good vibe/How Deep Is Your Love.mp3
TagLib: Could not open file /home/yossef/Music/*/good vibe/How Deep Is Your Love.mp3
TagLib: Could not open file /home/yossef/Music/*/good vibe/Shameless.mp3
TagLib: Could not open file /home/yossef/Music/*/good vibe/How Deep Is Your Love.mp3
TagLib: Could not open file /home/yossef/Music/*/weeekend playlist/I Feel It Coming.mp3
TagLib: Could not open file /home/yossef/Music/*/down/Weathering with You - 天気の子 [AMV] Tokyo Rain (Slowed + Reverb).mp3
TagLib: Could not open file /home/yossef/Music/*/down/Weathering with You - 天気の子 [AMV] Tokyo Rain (Slowed + Reverb).mp3
TagLib: Could not open file /home/yossef/Music/*/down/apogee.mp3
TagLib: Could not open file /home/yossef/Music/*/down/ROYALTY (Sped Up).mp3
TagLib: Could not open file /home/yossef/Music/*/down/Dance on the Moon.mp3
TagLib: Could not open file /home/yossef/Music/*/down/Devil Eyes (Sped Up).mp3
TagLib: Could not open file /home/yossef/Music/*/down/Sleepwalker.mp3
TagLib: Could not open file /home/yossef/Music/*/arabic top/2 Phut Hon Funk (Slowed).mp3
TagLib: Could not open file /home/yossef/Music/*/good vibe/You Got Me.mp3
TagLib: Could not open file /home/yossef/Music/*/good vibe/Call on Me (Ryan Riback Remix).mp3
TagLib: Could not open file /home/yossef/Music/*/arabic top/Emshy.mp3
TagLib: Could not open file /home/yossef/Music/*/down/ROYALTY (Sped Up).mp3
TagLib: Could not open file /home/yossef/Music/*/good vibe/Call on Me (Ryan Riback Remix).mp3
TagLib: Could not open file /home/yossef/Music/*/weeekend playlist/Call Out My Name.mp3
TagLib: Could not open file /home/yossef/Music/*/artist/VOLKSWAGEN FUNK.mp3
TagLib: Could not open file /home/yossef/Music/*/artist/VOLKSWAGEN FUNK.mp3
TagLib: Could not open file /home/yossef/Music/*/artist/VOLKSWAGEN FUNK.mp3
TagLib: Could not open file /home/yossef/Music/*/artist/VOLKSWAGEN FUNK.mp3
